<?xml version="1.0" encoding="UTF-8"?>
<testng-results ignored="0" total="1" passed="1" failed="0" skipped="0">
  <reporter-output>
  </reporter-output>
  <suite started-at="2024-07-02T09:08:20 IST" name="Default suite" finished-at="2024-07-02T09:08:32 IST" duration-ms="12418">
    <groups>
    </groups>
    <test started-at="2024-07-02T09:08:20 IST" name="Default test" finished-at="2024-07-02T09:08:32 IST" duration-ms="12418">
      <class name="pages.IndexPage">
        <test-method signature="getLaunchUrl()[pri:0, instance:pages.IndexPage@351d00c0]" started-at="2024-07-02T09:08:20 IST" name="getLaunchUrl" finished-at="2024-07-02T09:08:32 IST" duration-ms="12334" status="PASS">
          <reporter-output>
          </reporter-output>
        </test-method> <!-- getLaunchUrl -->
      </class> <!-- pages.IndexPage -->
    </test> <!-- Default test -->
  </suite> <!-- Default suite -->
</testng-results>
